<?xml version="1.0" encoding="UTF-8"?>
<!-- Generated by org.testng.reporters.JUnitReportReporter -->
<testsuite hostname="Mamaru" failures="0" tests="7" name="calculator_Test3.CalculatorTest" time="0.032" errors="0" timestamp="02 Apr 2020 03:01:07 GMT" skipped="0">
  <testcase classname="calculator_Test3.CalculatorTest" name="multiplyTest1" time="0.003"/>
  <testcase classname="calculator_Test3.CalculatorTest" name="divideTest" time="0.015"/>
  <testcase classname="calculator_Test3.CalculatorTest" name="multiplicationTest" time="0.002"/>
  <testcase classname="calculator_Test3.CalculatorTest" name="multiplyTest" time="0.003"/>
  <testcase classname="calculator_Test3.CalculatorTest" name="subtractTest" time="0.003"/>
  <testcase classname="calculator_Test3.CalculatorTest" name="sumTest" time="0.004"/>
  <testcase classname="calculator_Test3.CalculatorTest" name="a_sumMultiply" time="0.002"/>
</testsuite> <!-- calculator_Test3.CalculatorTest -->
