<?xml version="1.0" encoding="UTF-8"?>
<!-- Generated by org.testng.reporters.JUnitReportReporter -->
<testsuite skipped="0" hostname="DESKTOP-77SCKED" name="calculator_Imp.CalculatorTest" tests="1" failures="0" timestamp="27 Mar 2020 02:47:50 GMT" time="0.019" errors="0">
  <testcase name="multiplyTest" time="0.019" classname="calculator_Imp.CalculatorTest"/>
</testsuite> <!-- calculator_Imp.CalculatorTest -->
