<?xml version="1.0" encoding="UTF-8"?>
<!-- Generated by org.testng.reporters.JUnitReportReporter -->
<testsuite skipped="0" hostname="DESKTOP-CIDJKM0" name="calculator.CalculatorTest" tests="4" failures="0" timestamp="23 Mar 2020 21:56:19 GMT" time="0.037" errors="0">
  <testcase name="sumTest" time="0.004" classname="calculator.CalculatorTest"/>
  <testcase name="multiplyTest" time="0.006" classname="calculator.CalculatorTest"/>
  <testcase name="divideTest" time="0.025" classname="calculator.CalculatorTest"/>
  <testcase name="subtractTest" time="0.002" classname="calculator.CalculatorTest"/>
</testsuite> <!-- calculator.CalculatorTest -->
